<?xml version="1.0" encoding="UTF-8"?>
<!-- Generated by org.testng.reporters.JUnitReportReporter -->
<testsuite hostname="LAPTOP-LR7VCPRQ" name="parallel.Google" tests="1" failures="0" timestamp="7 Jun 2021 05:09:14 GMT" time="8.057" errors="0">
  <testcase name="setup" time="8.057" classname="parallel.Google"/>
</testsuite> <!-- parallel.Google -->
