<?xml version="1.0" encoding="UTF-8"?>
<!-- Generated by org.testng.reporters.JUnitReportReporter -->
<testsuite hostname="LAPTOP-LR7VCPRQ" name="com.test.dataUtilities.ReadfromExcel" tests="1" failures="0" timestamp="7 Jun 2021 12:55:23 GMT" time="0.453" errors="0">
  <testcase name="readexceldata" time="0.453" classname="com.test.dataUtilities.ReadfromExcel"/>
</testsuite> <!-- com.test.dataUtilities.ReadfromExcel -->
