<?xml version="1.0" encoding="UTF-8"?>
<!-- Generated by org.testng.reporters.JUnitReportReporter -->
<testsuite hostname="LAPTOP-LR7VCPRQ" name="parallel.Insta" tests="1" failures="0" timestamp="7 Jun 2021 05:09:14 GMT" time="8.681" errors="0">
  <testcase name="setup" time="8.681" classname="parallel.Insta"/>
</testsuite> <!-- parallel.Insta -->
