<?xml version="1.0" encoding="UTF-8"?>
<!-- Generated by org.testng.reporters.JUnitReportReporter -->
<testsuite hostname="LAPTOP-LR7VCPRQ" name="ecommerce.Checkout" tests="2" failures="0" timestamp="2 Jun 2021 06:52:00 GMT" time="0.001" errors="0">
  <testcase name="checkout_shippingaddress" time="0.001" classname="ecommerce.Checkout"/>
  <testcase name="reviewprice" time="0.000" classname="ecommerce.Checkout"/>
</testsuite> <!-- ecommerce.Checkout -->
