<?xml version="1.0" encoding="UTF-8"?>
<!-- Generated by org.testng.reporters.JUnitReportReporter -->
<testsuite hostname="LAPTOP-LR7VCPRQ" name="ecommerce.Search_suggestions" tests="3" failures="0" timestamp="4 Jun 2021 07:48:49 GMT" time="0.007" errors="0">
  <testcase name="verifysearchsuggestions" time="0.003" classname="ecommerce.Search_suggestions"/>
  <testcase name="Search_bysearchsuggestions" time="0.003" classname="ecommerce.Search_suggestions"/>
  <testcase name="Search_suggestions_selection" time="0.001" classname="ecommerce.Search_suggestions"/>
</testsuite> <!-- ecommerce.Search_suggestions -->
