<?xml version="1.0" encoding="UTF-8"?>
<!-- Generated by org.testng.reporters.JUnitReportReporter -->
<testsuite hostname="LAPTOP-LR7VCPRQ" name="parallel.Facebook" tests="2" failures="0" timestamp="7 Jun 2021 05:13:14 GMT" time="12.477" errors="0">
  <testcase name="setup" time="9.745" classname="parallel.Facebook"/>
  <testcase name="brwosertitle" time="2.732" classname="parallel.Facebook"/>
</testsuite> <!-- parallel.Facebook -->
