<?xml version="1.0" encoding="UTF-8"?>
<!-- Generated by org.testng.reporters.JUnitReportReporter -->
<testsuite hostname="LAPTOP-LR7VCPRQ" name="parallel.Readfromproperty" tests="1" failures="0" timestamp="7 Jun 2021 05:40:29 GMT" time="0.013" errors="0">
  <testcase name="readdata" time="0.013" classname="parallel.Readfromproperty"/>
</testsuite> <!-- parallel.Readfromproperty -->
