<?xml version="1.0" encoding="UTF-8"?>
<!-- Generated by org.testng.reporters.JUnitReportReporter -->
<testsuite hostname="LAPTOP-LR7VCPRQ" name="ecommerce.Readfromproperties" tests="1" failures="0" timestamp="7 Jun 2021 04:08:34 GMT" time="0.013" errors="0">
  <testcase name="readata" time="0.013" classname="ecommerce.Readfromproperties"/>
</testsuite> <!-- ecommerce.Readfromproperties -->
