<?xml version="1.0" encoding="UTF-8"?>
<!-- Generated by org.testng.reporters.JUnitReportReporter -->
<testsuite hostname="LAPTOP-LR7VCPRQ" name="ecommerce.Search" tests="6" failures="0" timestamp="6 Jun 2021 13:57:10 GMT" time="0.007" errors="0">
  <testcase name="search_bycategory" time="0.000" classname="ecommerce.Search"/>
  <testcase name="launchrul" time="0.005" classname="ecommerce.Search"/>
  <testcase name="verifysearchbox" time="0.000" classname="ecommerce.Search"/>
  <testcase name="search_byinput" time="0.001" classname="ecommerce.Search"/>
  <testcase name="closebrowser" time="0.001" classname="ecommerce.Search"/>
  <testcase name="browse_bycategory" time="0.000" classname="ecommerce.Search"/>
</testsuite> <!-- ecommerce.Search -->
